<!DOCTYPE html PUBLIC "-//W3C//DTD XHTML 1.1//EN" "http://www.w3.org/TR/xhtml11/DTD/xhtml11.dtd">
<html xmlns="http://www.w3.org/1999/xhtml">
<head>
<meta http-equiv="content-type" content="text/html; charset=UTF-8"/>
<title>TestNG Report</title>
<style type="text/css">table {margin-bottom:10px;border-collapse:collapse;empty-cells:show}th,td {border:1px solid #009;padding:.25em .5em}th {vertical-align:bottom}td {vertical-align:top}table a {font-weight:bold}.stripe td {background-color: #E6EBF9}.num {text-align:right}.passedodd td {background-color: #3F3}.passedeven td {background-color: #0A0}.skippedodd td {background-color: #DDD}.skippedeven td {background-color: #CCC}.failedodd td,.attn {background-color: #F33}.failedeven td,.stripe .attn {background-color: #D00}.stacktrace {white-space:pre;font-family:monospace}.totop {font-size:85%;text-align:center;border-bottom:2px solid #000}.invisible {display:none}</style>
</head>
<body>
<table>
<tr><th>Test</th><th># Passed</th><th># Skipped</th><th># Failed</th><th>Time (ms)</th><th>Included Groups</th><th>Excluded Groups</th></tr>
<tr><th colspan="7">Interview Suite</th></tr>
<tr><td><a href="#t0">Main Page Test</a></td><td class="num">3</td><td class="num attn">1</td><td class="num">0</td><td class="num">77,237</td><td></td><td></td></tr>
<tr class="stripe"><td><a href="#t1">Book Hotel Page</a></td><td class="num">2</td><td class="num">0</td><td class="num attn">1</td><td class="num">117,440</td><td></td><td></td></tr>
<tr><th>Total</th><th class="num">5</th><th class="num attn">1</th><th class="num attn">1</th><th class="num">194,677</th><th colspan="2"></th></tr>
</table>
<table id='summary'><thead><tr><th>Class</th><th>Method</th><th>Start</th><th>Time (ms)</th></tr></thead><tbody><tr><th colspan="4">Interview Suite</th></tr></tbody><tbody id="t0"><tr><th colspan="4">Main Page Test &#8212; failed (configuration methods)</th></tr><tr class="failedeven"><td rowspan="1">com.interview.testclasses.MainPageTest</td><td><a href="#m0">setUp</a></td><td rowspan="1">1600773951367</td><td rowspan="1">20811</td></tr><tr><th colspan="4">Main Page Test &#8212; skipped (configuration methods)</th></tr><tr class="skippedeven"><td rowspan="1">com.interview.testclasses.MainPageTest</td><td><a href="#m1">closeBrowser</a></td><td rowspan="1">1600773972206</td><td rowspan="1">0</td></tr><tr><th colspan="4">Main Page Test &#8212; skipped</th></tr><tr class="skippedeven"><td rowspan="1">com.interview.testclasses.MainPageTest</td><td><a href="#m2">verifyMainPage</a></td><td rowspan="1">1600773972199</td><td rowspan="1">0</td></tr><tr><th colspan="4">Main Page Test &#8212; passed</th></tr><tr class="passedeven"><td rowspan="3">com.interview.testclasses.MainPageTest</td><td><a href="#m3">verifyCarsBookingPage</a></td><td rowspan="1">1600773912435</td><td rowspan="1">4563</td></tr><tr class="passedeven"><td><a href="#m4">verifyFlightlBookingPage</a></td><td rowspan="1">1600773931052</td><td rowspan="1">2394</td></tr><tr class="passedeven"><td><a href="#m5">verifyHotelBookingPage</a></td><td rowspan="1">1600773948465</td><td rowspan="1">2647</td></tr></tbody>
<tbody id="t1"><tr><th colspan="4">Book Hotel Page &#8212; failed</th></tr><tr class="failedeven"><td rowspan="1">com.interview.testclasses.HotelPageTest</td><td><a href="#m6">doHotelBooking</a></td><td rowspan="1">1600773988671</td><td rowspan="1">22972</td></tr><tr><th colspan="4">Book Hotel Page &#8212; passed</th></tr><tr class="passedeven"><td rowspan="2">com.interview.testclasses.HotelPageTest</td><td><a href="#m7">doHotelBooking</a></td><td rowspan="2">1600773910266</td><td rowspan="2">27754</td></tr><tr class="passedeven"><td><a href="#m8">doHotelBooking</a></td></tr></tbody>
</table>
<h2>Main Page Test</h2><h3 id="m0">com.interview.testclasses.MainPageTest#setUp</h3><table class="result"><tr><th>Exception</th></tr><tr><td><div class="stacktrace">org.openqa.selenium.TimeoutException: timeout: Timed out receiving message from renderer: 13.386
  (Session info: chrome=85.0.4183.102)
Build info: version: &apos;3.141.59&apos;, revision: &apos;e82be7d358&apos;, time: &apos;2018-11-14T08:25:48&apos;
System info: host: &apos;Rohits-MBP&apos;, ip: &apos;192.168.1.100&apos;, os.name: &apos;Mac OS X&apos;, os.arch: &apos;x86_64&apos;, os.version: &apos;10.15.6&apos;, java.version: &apos;1.8.0_251&apos;
Driver info: org.openqa.selenium.chrome.ChromeDriver
Capabilities {acceptInsecureCerts: false, browserName: chrome, browserVersion: 85.0.4183.102, chrome: {chromedriverVersion: 85.0.4183.87 (cd6713ebf92fa..., userDataDir: /var/folders/mx/msjml7w17ls...}, goog:chromeOptions: {debuggerAddress: localhost:54951}, javascriptEnabled: true, networkConnectionEnabled: false, pageLoadStrategy: normal, platform: MAC, platformName: MAC, proxy: Proxy(), setWindowRect: true, strictFileInteractability: false, timeouts: {implicit: 0, pageLoad: 300000, script: 30000}, unhandledPromptBehavior: dismiss and notify, webauthn:virtualAuthenticators: true}
Session ID: 35959983cf9c18dd1cd68137b6b13a32
	at org.openqa.selenium.remote.http.W3CHttpResponseCodec.createException(W3CHttpResponseCodec.java:187)
	at org.openqa.selenium.remote.http.W3CHttpResponseCodec.decode(W3CHttpResponseCodec.java:122)
	at org.openqa.selenium.remote.http.W3CHttpResponseCodec.decode(W3CHttpResponseCodec.java:49)
	at org.openqa.selenium.remote.HttpCommandExecutor.execute(HttpCommandExecutor.java:158)
	at org.openqa.selenium.remote.service.DriverCommandExecutor.execute(DriverCommandExecutor.java:83)
	at org.openqa.selenium.remote.RemoteWebDriver.execute(RemoteWebDriver.java:552)
	at org.openqa.selenium.remote.RemoteWebDriver.get(RemoteWebDriver.java:277)
	at com.interview.BaseTest.BaseTest.setUp(BaseTest.java:33)
	at java.util.concurrent.FutureTask.run(FutureTask.java:266)
	at java.util.concurrent.ThreadPoolExecutor.runWorker(ThreadPoolExecutor.java:1149)
	at java.util.concurrent.ThreadPoolExecutor$Worker.run(ThreadPoolExecutor.java:624)
	at java.lang.Thread.run(Thread.java:748)
... Removed 23 stack frames</div></td></tr></table><p class="totop"><a href="#summary">back to summary</a></p>
<h3 id="m1">com.interview.testclasses.MainPageTest#closeBrowser</h3><table class="result"><tr><th class="invisible"/></tr></table><p class="totop"><a href="#summary">back to summary</a></p>
<h3 id="m2">com.interview.testclasses.MainPageTest#verifyMainPage</h3><table class="result"><tr><th>Exception</th></tr><tr><td><div class="stacktrace">org.openqa.selenium.TimeoutException: timeout: Timed out receiving message from renderer: 13.386
  (Session info: chrome=85.0.4183.102)
Build info: version: &apos;3.141.59&apos;, revision: &apos;e82be7d358&apos;, time: &apos;2018-11-14T08:25:48&apos;
System info: host: &apos;Rohits-MBP&apos;, ip: &apos;192.168.1.100&apos;, os.name: &apos;Mac OS X&apos;, os.arch: &apos;x86_64&apos;, os.version: &apos;10.15.6&apos;, java.version: &apos;1.8.0_251&apos;
Driver info: org.openqa.selenium.chrome.ChromeDriver
Capabilities {acceptInsecureCerts: false, browserName: chrome, browserVersion: 85.0.4183.102, chrome: {chromedriverVersion: 85.0.4183.87 (cd6713ebf92fa..., userDataDir: /var/folders/mx/msjml7w17ls...}, goog:chromeOptions: {debuggerAddress: localhost:54951}, javascriptEnabled: true, networkConnectionEnabled: false, pageLoadStrategy: normal, platform: MAC, platformName: MAC, proxy: Proxy(), setWindowRect: true, strictFileInteractability: false, timeouts: {implicit: 0, pageLoad: 300000, script: 30000}, unhandledPromptBehavior: dismiss and notify, webauthn:virtualAuthenticators: true}
Session ID: 35959983cf9c18dd1cd68137b6b13a32
	at org.openqa.selenium.remote.http.W3CHttpResponseCodec.createException(W3CHttpResponseCodec.java:187)
	at org.openqa.selenium.remote.http.W3CHttpResponseCodec.decode(W3CHttpResponseCodec.java:122)
	at org.openqa.selenium.remote.http.W3CHttpResponseCodec.decode(W3CHttpResponseCodec.java:49)
	at org.openqa.selenium.remote.HttpCommandExecutor.execute(HttpCommandExecutor.java:158)
	at org.openqa.selenium.remote.service.DriverCommandExecutor.execute(DriverCommandExecutor.java:83)
	at org.openqa.selenium.remote.RemoteWebDriver.execute(RemoteWebDriver.java:552)
	at org.openqa.selenium.remote.RemoteWebDriver.get(RemoteWebDriver.java:277)
	at com.interview.BaseTest.BaseTest.setUp(BaseTest.java:33)
	at java.util.concurrent.FutureTask.run(FutureTask.java:266)
	at java.util.concurrent.ThreadPoolExecutor.runWorker(ThreadPoolExecutor.java:1149)
	at java.util.concurrent.ThreadPoolExecutor$Worker.run(ThreadPoolExecutor.java:624)
	at java.lang.Thread.run(Thread.java:748)
... Removed 23 stack frames</div></td></tr></table><p class="totop"><a href="#summary">back to summary</a></p>
<h3 id="m3">com.interview.testclasses.MainPageTest#verifyCarsBookingPage</h3><table class="result"><tr><th class="invisible"/></tr></table><p class="totop"><a href="#summary">back to summary</a></p>
<h3 id="m4">com.interview.testclasses.MainPageTest#verifyFlightlBookingPage</h3><table class="result"><tr><th class="invisible"/></tr></table><p class="totop"><a href="#summary">back to summary</a></p>
<h3 id="m5">com.interview.testclasses.MainPageTest#verifyHotelBookingPage</h3><table class="result"><tr><th class="invisible"/></tr></table><p class="totop"><a href="#summary">back to summary</a></p>
<h2>Book Hotel Page</h2><h3 id="m6">com.interview.testclasses.HotelPageTest#doHotelBooking</h3><table class="result"><tr class="param"><th>Parameter #1</th><th>Parameter #2</th><th>Parameter #3</th><th>Parameter #4</th></tr><tr class="param stripe"><td>sydney</td><td>Sydney Olympic Park</td><td>26</td><td>12</td></tr><tr><th colspan="4">Exception</th></tr><tr><td colspan="4"><div class="stacktrace">org.openqa.selenium.TimeoutException: timeout: Timed out receiving message from renderer: 15.000
  (Session info: chrome=85.0.4183.102)
Build info: version: &apos;3.141.59&apos;, revision: &apos;e82be7d358&apos;, time: &apos;2018-11-14T08:25:48&apos;
System info: host: &apos;Rohits-MBP&apos;, ip: &apos;192.168.1.100&apos;, os.name: &apos;Mac OS X&apos;, os.arch: &apos;x86_64&apos;, os.version: &apos;10.15.6&apos;, java.version: &apos;1.8.0_251&apos;
Driver info: org.openqa.selenium.chrome.ChromeDriver
Capabilities {acceptInsecureCerts: false, browserName: chrome, browserVersion: 85.0.4183.102, chrome: {chromedriverVersion: 85.0.4183.87 (cd6713ebf92fa..., userDataDir: /var/folders/mx/msjml7w17ls...}, goog:chromeOptions: {debuggerAddress: localhost:55064}, javascriptEnabled: true, networkConnectionEnabled: false, pageLoadStrategy: normal, platform: MAC, platformName: MAC, proxy: Proxy(), setWindowRect: true, strictFileInteractability: false, timeouts: {implicit: 0, pageLoad: 300000, script: 30000}, unhandledPromptBehavior: dismiss and notify, webauthn:virtualAuthenticators: true}
Session ID: d047571f30b9a625ce51a84a73bd7cdc
	at org.openqa.selenium.remote.http.W3CHttpResponseCodec.createException(W3CHttpResponseCodec.java:187)
	at org.openqa.selenium.remote.http.W3CHttpResponseCodec.decode(W3CHttpResponseCodec.java:122)
	at org.openqa.selenium.remote.http.W3CHttpResponseCodec.decode(W3CHttpResponseCodec.java:49)
	at org.openqa.selenium.remote.HttpCommandExecutor.execute(HttpCommandExecutor.java:158)
	at org.openqa.selenium.remote.service.DriverCommandExecutor.execute(DriverCommandExecutor.java:83)
	at org.openqa.selenium.remote.RemoteWebDriver.execute(RemoteWebDriver.java:552)
	at org.openqa.selenium.remote.RemoteWebElement.execute(RemoteWebElement.java:285)
	at org.openqa.selenium.remote.RemoteWebElement.click(RemoteWebElement.java:84)
	at com.interview.pages.HotelPage.searchHotel(HotelPage.java:74)
	at com.interview.testclasses.HotelPageTest.doHotelBooking(HotelPageTest.java:32)
	at java.util.concurrent.FutureTask.run(FutureTask.java:266)
	at java.util.concurrent.ThreadPoolExecutor.runWorker(ThreadPoolExecutor.java:1149)
	at java.util.concurrent.ThreadPoolExecutor$Worker.run(ThreadPoolExecutor.java:624)
	at java.lang.Thread.run(Thread.java:748)
... Removed 20 stack frames</div></td></tr></table><p class="totop"><a href="#summary">back to summary</a></p>
<h3 id="m7">com.interview.testclasses.HotelPageTest#doHotelBooking</h3><table class="result"><tr class="param"><th>Parameter #1</th><th>Parameter #2</th><th>Parameter #3</th><th>Parameter #4</th></tr><tr class="param stripe"><td>sydney</td><td>Sydney Olympic Park</td><td>22</td><td>8</td></tr></table><p class="totop"><a href="#summary">back to summary</a></p>
<h3 id="m8">com.interview.testclasses.HotelPageTest#doHotelBooking</h3><table class="result"><tr class="param"><th>Parameter #1</th><th>Parameter #2</th><th>Parameter #3</th><th>Parameter #4</th></tr><tr class="param stripe"><td>sydney</td><td>Darling Harbour</td><td>25</td><td>10</td></tr></table><p class="totop"><a href="#summary">back to summary</a></p>
</body>
</html>
